  main.cpp
C:\Users\Refrine\source\repos\Injector\main.cpp(8,22): warning C4566: character represented by universal-character-name '\u041E' cannot be represented in the current code page (1252)
C:\Users\Refrine\source\repos\Injector\main.cpp(8,22): warning C4566: character represented by universal-character-name '\u0448' cannot be represented in the current code page (1252)
C:\Users\Refrine\source\repos\Injector\main.cpp(8,22): warning C4566: character represented by universal-character-name '\u0438' cannot be represented in the current code page (1252)
C:\Users\Refrine\source\repos\Injector\main.cpp(8,22): warning C4566: character represented by universal-character-name '\u0431' cannot be represented in the current code page (1252)
C:\Users\Refrine\source\repos\Injector\main.cpp(8,22): warning C4566: character represented by universal-character-name '\u043A' cannot be represented in the current code page (1252)
C:\Users\Refrine\source\repos\Injector\main.cpp(8,22): warning C4566: character represented by universal-character-name '\u0430' cannot be represented in the current code page (1252)
C:\Users\Refrine\source\repos\Injector\main.cpp(8,22): warning C4566: character represented by universal-character-name '\u0437' cannot be represented in the current code page (1252)
C:\Users\Refrine\source\repos\Injector\main.cpp(8,22): warning C4566: character represented by universal-character-name '\u0433' cannot be represented in the current code page (1252)
C:\Users\Refrine\source\repos\Injector\main.cpp(8,22): warning C4566: character represented by universal-character-name '\u0440' cannot be represented in the current code page (1252)
C:\Users\Refrine\source\repos\Injector\main.cpp(8,22): warning C4566: character represented by universal-character-name '\u0443' cannot be represented in the current code page (1252)
C:\Users\Refrine\source\repos\Injector\main.cpp(18,22): warning C4566: character represented by universal-character-name '\u041E' cannot be represented in the current code page (1252)
C:\Users\Refrine\source\repos\Injector\main.cpp(18,22): warning C4566: character represented by universal-character-name '\u0448' cannot be represented in the current code page (1252)
C:\Users\Refrine\source\repos\Injector\main.cpp(18,22): warning C4566: character represented by universal-character-name '\u0438' cannot be represented in the current code page (1252)
C:\Users\Refrine\source\repos\Injector\main.cpp(18,22): warning C4566: character represented by universal-character-name '\u0431' cannot be represented in the current code page (1252)
C:\Users\Refrine\source\repos\Injector\main.cpp(18,22): warning C4566: character represented by universal-character-name '\u043A' cannot be represented in the current code page (1252)
C:\Users\Refrine\source\repos\Injector\main.cpp(18,22): warning C4566: character represented by universal-character-name '\u0430' cannot be represented in the current code page (1252)
C:\Users\Refrine\source\repos\Injector\main.cpp(18,22): warning C4566: character represented by universal-character-name '\u043F' cannot be represented in the current code page (1252)
C:\Users\Refrine\source\repos\Injector\main.cpp(18,22): warning C4566: character represented by universal-character-name '\u043E' cannot be represented in the current code page (1252)
C:\Users\Refrine\source\repos\Injector\main.cpp(18,22): warning C4566: character represented by universal-character-name '\u043B' cannot be represented in the current code page (1252)
C:\Users\Refrine\source\repos\Injector\main.cpp(18,22): warning C4566: character represented by universal-character-name '\u0443' cannot be represented in the current code page (1252)
C:\Users\Refrine\source\repos\Injector\main.cpp(18,22): warning C4566: character represented by universal-character-name '\u0447' cannot be represented in the current code page (1252)
C:\Users\Refrine\source\repos\Injector\main.cpp(18,22): warning C4566: character represented by universal-character-name '\u0435' cannot be represented in the current code page (1252)
C:\Users\Refrine\source\repos\Injector\main.cpp(18,22): warning C4566: character represented by universal-character-name '\u043D' cannot be represented in the current code page (1252)
C:\Users\Refrine\source\repos\Injector\main.cpp(18,22): warning C4566: character represented by universal-character-name '\u044F' cannot be represented in the current code page (1252)
C:\Users\Refrine\source\repos\Injector\main.cpp(18,22): warning C4566: character represented by universal-character-name '\u0444' cannot be represented in the current code page (1252)
C:\Users\Refrine\source\repos\Injector\main.cpp(18,22): warning C4566: character represented by universal-character-name '\u0446' cannot be represented in the current code page (1252)
C:\Users\Refrine\source\repos\Injector\main.cpp(18,22): warning C4566: character represented by universal-character-name '\u0437' cannot be represented in the current code page (1252)
C:\Users\Refrine\source\repos\Injector\main.cpp(33,18): warning C4566: character represented by universal-character-name '\u0420' cannot be represented in the current code page (1252)
C:\Users\Refrine\source\repos\Injector\main.cpp(33,18): warning C4566: character represented by universal-character-name '\u0435' cannot be represented in the current code page (1252)
C:\Users\Refrine\source\repos\Injector\main.cpp(33,18): warning C4566: character represented by universal-character-name '\u0437' cannot be represented in the current code page (1252)
C:\Users\Refrine\source\repos\Injector\main.cpp(33,18): warning C4566: character represented by universal-character-name '\u0443' cannot be represented in the current code page (1252)
C:\Users\Refrine\source\repos\Injector\main.cpp(33,18): warning C4566: character represented by universal-character-name '\u043B' cannot be represented in the current code page (1252)
C:\Users\Refrine\source\repos\Injector\main.cpp(33,18): warning C4566: character represented by universal-character-name '\u044C' cannot be represented in the current code page (1252)
C:\Users\Refrine\source\repos\Injector\main.cpp(33,18): warning C4566: character represented by universal-character-name '\u0442' cannot be represented in the current code page (1252)
C:\Users\Refrine\source\repos\Injector\main.cpp(33,18): warning C4566: character represented by universal-character-name '\u0430' cannot be represented in the current code page (1252)
  Generating code
  5 of 128 functions ( 3.9%) were compiled, the rest were copied from previous compilation.
    0 functions were new in current compilation
    0 functions had inline decision re-evaluated but remain unchanged
  Finished generating code
  Injector.vcxproj -> C:\Users\Refrine\source\repos\Injector\Release\Injector.exe
